; Collection List
; Amiga conventions
; CollId, Filename , Width, Height, Pri, Depth, DiskNr, Length, Usage
; PC conventions
; CollId, Filename, Width, Height, ColorsBegin, ColorsEnd
; PC conventions Profidisk
; CollId, Filename, Width, Height, ColorsBegin, ColorsEnd, fromDisk
1,sky1,320,140,0,191,0
2,sky2,320,140,0,191,0
3,sky3,320,140,0,191,0
4,sky4,320,140,0,191,0
5,sky5,320,140,0,191,0
6,sky6,320,140,0,191,0
7,sky7,320,140,0,191,0
8,sky8,320,140,0,191,0
9,sky9,320,140,0,191,0
10,sky10,320,140,0,191,0
11,sky11,320,140,0,191,0
12,sky12,320,140,0,191,0
13,sky13,320,140,0,191,0
14,sky14,320,140,0,191,0
15,sky15,320,140,0,191,0
16,sky16,320,140,0,191,0
17,sky17,320,140,0,191,0
18,sky18,320,140,0,191,0
19,sky19,320,140,0,191,0
20,sky1.ani,320,15,0,191,0
21,sky2.ani,288,25,0,191,0
22,sky3.ani,64,17,0,191,0
23,sky4.ani,176,84,0,191,0
24,sky5.ani,128,28,0,191,0
25,sky6.ani,128,32,0,191,0
26,sky7.ani,320,72,0,191,0
27,sky8.ani,208,84,0,191,0
28,sky9.ani,192,28,0,191,0
29,sky10.ani,160,26,0,191,0
30,sky11.ani,128,40,0,191,0
31,sky12.ani,128,39,0,191,0
32,sky13.ani,128,31,0,191,0
33,sky14.ani,320,30,0,191,0
34,sky15.ani,64,38,0,191,0
35,sky16.ani,96,10,0,191,0
36,sky17.ani,128,25,0,191,0
37,sky18.ani,64,17,0,191,0
38,sky19.ani,48,19,0,191,0
39,garage,320,140,0,191,0
40,parking,320,140,0,191,0
41,vans,320,140,0,191,0
42,kaserne,320,140,0,191,0
43,kloster,320,140,0,191,0
44,mafia,320,140,0,191,0
45,police,320,140,0,191,0
46,pub,320,140,0,191,0
47,street1,320,140,0,191,0
48,street2,320,140,0,191,0
49,walrus,320,140,0,191,0
50,hotel,320,140,0,191,0
51,wohnung,320,140,0,191,0
52,hehler1,320,140,0,191,0
53,hehler2,320,140,0,191,0
54,hehler3,320,140,0,191,0
55,werkzeug,320,140,0,191,0
56,sabien,320,140,0,191,0
57,vans.ani,160,34,0,191,0
58,kaserne.ani,96,30,0,191,0
59,kloster.ani,264,72,0,191,0
60,police.ani,280,82,0,191,0
61,pub.ani,240,29,0,191,0
62,street1.ani,160,72,0,191,0
63,street2.ani,182,49,0,191,0
64,walrus.ani,192,53,0,191,0
65,wohnung.ani,84,28,0,191,0
66,taxi,320,140,0,191,0
67,cludo,80,64,0,191,0
68,prison,80,64,0,191,0
69,whisky,80,96,0,191,0
70,spaziern,80,64,0,191,0
71,birthday,240,20,0,191,0
72,kuss,80,64,0,191,0
73,telephon,80,64,0,191,0
74,cracks,168,62,0,191,0
75,sleep.ani,240,64,0,191,0
76,cemetery,320,140,0,191,0
77,cemetery.ani,240,56,0,191,0
78,shampton,320,140,0,191,0
79,landmatt,72,76,0,191,0
80,family,96,95,0,191,0
81,theend,112,24,0,191,0
82,shampto2,320,140,0,191,0
83,rezeptio,320,140,0,191,0
84,rezeptio.ani,320,60,0,191,0
85,cadillac,224,66,0,191,0
86,jeep,144,86,0,191,0
87,triumph,168,69,0,191,0
88,opel,176,68,0,191,0
89,standard,168,69,0,191,0
90,jaguar,176,69,0,191,0
91,pontiac,216,78,0,191,0
92,fiat,160,71,0,191,0
93,morris,176,78,0,191,0
94,marcsmih,320,140,0,191,0
95,explosi1.ani,320,128,0,191,0
96,explosi2.ani,320,64,0,191,0
97,rep.ani,240,128,0,191,0
98,lack.ani,240,128,0,191,0
99,faces1,310,134,192,223,0
100,faces2,186,67,192,223,0
101,faces3,248,134,192,223,0
102,faces4,310,134,192,223,0
103,faces5,124,67,192,223,0
104,faces6,124,67,192,223,0
105,faces7,248,134,192,223,0
106,faces8,248,67,192,223,0
107,faces9,248,67,192,223,0
108,faces10,248,67,192,223,0
109,tools1,186,134,192,223,0
110,tools2,310,134,192,223,0
111,tools3,248,134,192,223,0
112,tools4,248,67,192,223,0
113,objects1,186,67,192,223,0
114,objects2,186,134,192,223,0
115,objects3,124,67,192,223,0
116,objects4,310,134,192,223,0
117,objects5,310,67,192,223,0
118,objects6,62,67,192,223,0
119,objects7,62,67,192,223,0
120,objects8,124,67,192,223,0
121,objects9,62,67,192,223,0
122,object10,124,67,192,223,0
123,object11,62,67,192,223,0
124,object12,62,67,192,223,0
125,object13,62,67,192,223,0
126,object14,62,67,192,223,0
127,object15,62,67,192,223,0
128,menu,320,120,192,246,0
129,bubble,264,133,224,227,0
130,coming,320,140,0,191,0
131,bahnhof,320,140,0,191,0
132,bahnhof.ani,198,72,0,191,0
133,mattbart,62,67,192,223,0
134,tools5,186,67,192,223,0
135,funk,62,67,192,223,0
136,organisa,320,140,0,191,0
137,allmaxi,320,182,128,191,0
138,leer,0,0,0,0,0
139,boden1,320,32,0,0,0
140,boden0,320,32,0,0,0
141,objecte1,320,192,0,127,0
142,objecte2,288,192,0,127,0
143,objecte3,288,32,0,127,0
144,objecte4,288,144,0,127,0
145,objecte5,320,32,0,127,0
146,objecte1,320,192,0,127,0
147,action,320,140,0,255,0
148,automap,320,140,0,191,0
149,dart,124,124,0,191,0
; added cars
150,bentley.car,208,68,0,191,1
151,fiat.car,242,124,0,191,1
152,ford.car,152,80,0,191,1
153,rover.car,168,80,0,191,1
;added persons
154,faces11,310,134,192,223,1
; added outside
155,sky21,320,140,0,191,1
156,sky22,318,138,0,191,1
157,sky23,316,140,0,191,1
158,sky24,320,140,0,191,1
159,sky25,320,140,0,191,1
160,sky26,320,140,0,191,1
161,sky27,320,140,0,191,1
162,sky28,320,140,0,191,1
; added outside anim
163,sky21.ani,192,40,0,191,1
164,sky22.ani,280,44,0,191,1
165,sky23.ani,192,26,0,191,1
166,sky24.ani,192,70,0,191,1
167,sky25.ani,200,70,0,191,1
168,sky26.ani,96,22,0,191,1
169,sky27.ani,160,44,0,191,1
170,sky28.ani,160,58,0,191,1
; added loot
171,object16,186,67,192,223,1
172,object17,62,67,192,223,1
; added inside
173,abbey.obj,320,192,0,127,1
174,tuss.obj,320,192,0,127,1
175,train.obj,320,192,0,127,1
176,bull.obj,320,192,0,127,1
177,train48.obj,288,48,0,127,1
; added ground
178,boden2,320,32,0,0,1
179,boden3,160,32,0,0,1

